<?xml version="1.0" encoding="UTF-8"?>
<testng-results skipped="0" failed="2" ignored="4" total="9" passed="3">
  <reporter-output>
  </reporter-output>
  <suite name="Suite" duration-ms="94876" started-at="2020-08-10T14:25:44Z" finished-at="2020-08-10T14:27:19Z">
    <groups>
    </groups>
    <test name="Test" duration-ms="94876" started-at="2020-08-10T14:25:44Z" finished-at="2020-08-10T14:27:19Z">
      <class name="annotationPart1.TestNGDemo2">
        <test-method status="PASS" signature="Cat1()[pri:0, instance:annotationPart1.TestNGDemo2@6f79caec]" name="Cat1" duration-ms="22009" started-at="2020-08-10T19:55:54Z" finished-at="2020-08-10T19:56:16Z">
          <reporter-output>
          </reporter-output>
        </test-method> <!-- Cat1 -->
      </class> <!-- annotationPart1.TestNGDemo2 -->
      <class name="annotationPart1.TestNGDemo1">
        <test-method status="PASS" signature="setup()[pri:0, instance:annotationPart1.TestNGDemo1@1ef7fe8e]" name="setup" is-config="true" duration-ms="10253" started-at="2020-08-10T19:55:44Z" finished-at="2020-08-10T19:55:54Z">
          <reporter-output>
          </reporter-output>
        </test-method> <!-- setup -->
        <test-method status="PASS" signature="VarifyPageTitle()[pri:0, instance:annotationPart1.TestNGDemo1@1ef7fe8e]" name="VarifyPageTitle" duration-ms="14808" started-at="2020-08-10T19:55:54Z" finished-at="2020-08-10T19:56:09Z">
          <reporter-output>
          </reporter-output>
        </test-method> <!-- VarifyPageTitle -->
        <test-method status="PASS" signature="tearDown()[pri:0, instance:annotationPart1.TestNGDemo1@1ef7fe8e]" name="tearDown" is-config="true" duration-ms="785" started-at="2020-08-10T19:57:18Z" finished-at="2020-08-10T19:57:19Z">
          <reporter-output>
          </reporter-output>
        </test-method> <!-- tearDown -->
      </class> <!-- annotationPart1.TestNGDemo1 -->
      <class name="annotationPart1.TestNGDemo3">
        <test-method status="FAIL" signature="Browser(java.lang.String, java.lang.String)[pri:0, instance:annotationPart1.TestNGDemo3@67117f44]" name="Browser" duration-ms="20948" started-at="2020-08-10T19:55:54Z" data-provider="EasyCalculation" finished-at="2020-08-10T19:56:15Z">
          <params>
            <param index="0">
              <value>
                <![CDATA[9740673180]]>
              </value>
            </param>
            <param index="1">
              <value>
                <![CDATA[raghubn]]>
              </value>
            </param>
          </params>
          <exception class="java.lang.AssertionError">
            <message>
              <![CDATA[User Not able to login Sucessfully - Invalid Credentails expected [true] but found [false]]]>
            </message>
            <full-stacktrace>
              <![CDATA[java.lang.AssertionError: User Not able to login Sucessfully - Invalid Credentails expected [true] but found [false]
	at org.testng.Assert.fail(Assert.java:94)
	at org.testng.Assert.failNotEquals(Assert.java:513)
	at org.testng.Assert.assertTrue(Assert.java:42)
	at annotationPart1.TestNGDemo3.Browser(TestNGDemo3.java:32)
	at sun.reflect.NativeMethodAccessorImpl.invoke0(Native Method)
	at sun.reflect.NativeMethodAccessorImpl.invoke(Unknown Source)
	at sun.reflect.DelegatingMethodAccessorImpl.invoke(Unknown Source)
	at java.lang.reflect.Method.invoke(Unknown Source)
	at org.testng.internal.MethodInvocationHelper.invokeMethod(MethodInvocationHelper.java:104)
	at org.testng.internal.Invoker.invokeMethod(Invoker.java:645)
	at org.testng.internal.Invoker.invokeTestMethod(Invoker.java:851)
	at org.testng.internal.Invoker.invokeTestMethods(Invoker.java:1177)
	at org.testng.internal.TestMethodWorker.invokeTestMethods(TestMethodWorker.java:129)
	at org.testng.internal.TestMethodWorker.run(TestMethodWorker.java:112)
	at java.util.concurrent.ThreadPoolExecutor.runWorker(Unknown Source)
	at java.util.concurrent.ThreadPoolExecutor$Worker.run(Unknown Source)
	at java.lang.Thread.run(Unknown Source)
]]>
            </full-stacktrace>
          </exception> <!-- java.lang.AssertionError -->
          <reporter-output>
          </reporter-output>
        </test-method> <!-- Browser -->
        <test-method status="PASS" signature="tearDown()[pri:0, instance:annotationPart1.TestNGDemo3@67117f44]" name="tearDown" is-config="true" duration-ms="1456" started-at="2020-08-10T19:56:15Z" finished-at="2020-08-10T19:56:17Z">
          <reporter-output>
          </reporter-output>
        </test-method> <!-- tearDown -->
        <test-method status="PASS" signature="Browser(java.lang.String, java.lang.String)[pri:0, instance:annotationPart1.TestNGDemo3@67117f44]" name="Browser" duration-ms="44661" started-at="2020-08-10T19:56:17Z" data-provider="EasyCalculation" finished-at="2020-08-10T19:57:01Z">
          <params>
            <param index="0">
              <value>
                <![CDATA[9740673180]]>
              </value>
            </param>
            <param index="1">
              <value>
                <![CDATA[raghubn@123]]>
              </value>
            </param>
          </params>
          <reporter-output>
          </reporter-output>
        </test-method> <!-- Browser -->
        <test-method status="PASS" signature="tearDown()[pri:0, instance:annotationPart1.TestNGDemo3@67117f44]" name="tearDown" is-config="true" duration-ms="826" started-at="2020-08-10T19:57:01Z" finished-at="2020-08-10T19:57:02Z">
          <reporter-output>
          </reporter-output>
        </test-method> <!-- tearDown -->
        <test-method status="FAIL" signature="Browser(java.lang.String, java.lang.String)[pri:0, instance:annotationPart1.TestNGDemo3@67117f44]" name="Browser" duration-ms="14831" started-at="2020-08-10T19:57:02Z" data-provider="EasyCalculation" finished-at="2020-08-10T19:57:17Z">
          <params>
            <param index="0">
              <value>
                <![CDATA[raghubn2]]>
              </value>
            </param>
            <param index="1">
              <value>
                <![CDATA[raghubn]]>
              </value>
            </param>
          </params>
          <exception class="java.lang.AssertionError">
            <message>
              <![CDATA[User Not able to login Sucessfully - Invalid Credentails expected [true] but found [false]]]>
            </message>
            <full-stacktrace>
              <![CDATA[java.lang.AssertionError: User Not able to login Sucessfully - Invalid Credentails expected [true] but found [false]
	at org.testng.Assert.fail(Assert.java:94)
	at org.testng.Assert.failNotEquals(Assert.java:513)
	at org.testng.Assert.assertTrue(Assert.java:42)
	at annotationPart1.TestNGDemo3.Browser(TestNGDemo3.java:32)
	at sun.reflect.NativeMethodAccessorImpl.invoke0(Native Method)
	at sun.reflect.NativeMethodAccessorImpl.invoke(Unknown Source)
	at sun.reflect.DelegatingMethodAccessorImpl.invoke(Unknown Source)
	at java.lang.reflect.Method.invoke(Unknown Source)
	at org.testng.internal.MethodInvocationHelper.invokeMethod(MethodInvocationHelper.java:104)
	at org.testng.internal.Invoker.invokeMethod(Invoker.java:645)
	at org.testng.internal.Invoker.invokeTestMethod(Invoker.java:851)
	at org.testng.internal.Invoker.invokeTestMethods(Invoker.java:1177)
	at org.testng.internal.TestMethodWorker.invokeTestMethods(TestMethodWorker.java:129)
	at org.testng.internal.TestMethodWorker.run(TestMethodWorker.java:112)
	at java.util.concurrent.ThreadPoolExecutor.runWorker(Unknown Source)
	at java.util.concurrent.ThreadPoolExecutor$Worker.run(Unknown Source)
	at java.lang.Thread.run(Unknown Source)
]]>
            </full-stacktrace>
          </exception> <!-- java.lang.AssertionError -->
          <reporter-output>
          </reporter-output>
        </test-method> <!-- Browser -->
        <test-method status="PASS" signature="tearDown()[pri:0, instance:annotationPart1.TestNGDemo3@67117f44]" name="tearDown" is-config="true" duration-ms="1040" started-at="2020-08-10T19:57:17Z" finished-at="2020-08-10T19:57:18Z">
          <reporter-output>
          </reporter-output>
        </test-method> <!-- tearDown -->
      </class> <!-- annotationPart1.TestNGDemo3 -->
    </test> <!-- Test -->
  </suite> <!-- Suite -->
</testng-results>
